mode: set
github.com/KarpelesLab/rest/error.go:23.32,25.2 1 1
github.com/KarpelesLab/rest/error.go:29.32,30.21 1 1
github.com/KarpelesLab/rest/error.go:30.21,32.3 1 1
github.com/KarpelesLab/rest/error.go:34.2,34.25 1 1
github.com/KarpelesLab/rest/error.go:35.11,36.26 1 1
github.com/KarpelesLab/rest/error.go:37.11,38.24 1 1
github.com/KarpelesLab/rest/error.go:39.10,40.13 1 0
github.com/KarpelesLab/rest/error.go:53.36,55.2 1 1
github.com/KarpelesLab/rest/error.go:59.36,61.2 1 1
github.com/KarpelesLab/rest/nwg.go:11.33,15.2 3 1
github.com/KarpelesLab/rest/nwg.go:17.43,23.15 4 1
github.com/KarpelesLab/rest/nwg.go:23.15,25.3 1 1
github.com/KarpelesLab/rest/nwg.go:28.35,30.2 1 1
github.com/KarpelesLab/rest/nwg.go:33.42,37.6 3 1
github.com/KarpelesLab/rest/nwg.go:37.6,38.19 1 1
github.com/KarpelesLab/rest/nwg.go:38.19,40.4 1 1
github.com/KarpelesLab/rest/nwg.go:41.3,41.14 1 1
github.com/KarpelesLab/rest/proxy.go:18.45,19.75 1 0
github.com/KarpelesLab/rest/proxy.go:19.75,22.3 2 0
github.com/KarpelesLab/rest/proxy.go:22.8,25.3 2 0
github.com/KarpelesLab/rest/proxy.go:27.2,31.44 4 0
github.com/KarpelesLab/rest/proxy.go:31.44,34.3 1 0
github.com/KarpelesLab/rest/proxy.go:35.2,35.39 1 0
github.com/KarpelesLab/rest/proxy.go:35.39,37.3 1 0
github.com/KarpelesLab/rest/proxy.go:39.2,39.26 1 0
github.com/KarpelesLab/rest/response.go:42.64,44.2 1 1
github.com/KarpelesLab/rest/response.go:49.76,50.33 1 1
github.com/KarpelesLab/rest/response.go:50.33,51.18 1 1
github.com/KarpelesLab/rest/response.go:52.16,53.23 1 1
github.com/KarpelesLab/rest/response.go:54.15,55.22 1 1
github.com/KarpelesLab/rest/response.go:56.16,57.23 1 1
github.com/KarpelesLab/rest/response.go:58.16,59.23 1 1
github.com/KarpelesLab/rest/response.go:60.17,61.24 1 0
github.com/KarpelesLab/rest/response.go:62.14,63.21 1 0
github.com/KarpelesLab/rest/response.go:64.15,65.22 1 0
github.com/KarpelesLab/rest/response.go:66.17,67.24 1 0
github.com/KarpelesLab/rest/response.go:68.20,69.27 1 0
github.com/KarpelesLab/rest/response.go:74.2,74.19 1 1
github.com/KarpelesLab/rest/response.go:79.39,81.2 1 1
github.com/KarpelesLab/rest/response.go:85.54,87.16 2 1
github.com/KarpelesLab/rest/response.go:87.16,89.3 1 0
github.com/KarpelesLab/rest/response.go:90.2,91.19 2 1
github.com/KarpelesLab/rest/response.go:91.19,93.3 1 0
github.com/KarpelesLab/rest/response.go:94.2,94.17 1 1
github.com/KarpelesLab/rest/response.go:94.17,96.3 1 0
github.com/KarpelesLab/rest/response.go:97.2,97.19 1 1
github.com/KarpelesLab/rest/response.go:97.19,99.3 1 1
github.com/KarpelesLab/rest/response.go:100.2,100.19 1 1
github.com/KarpelesLab/rest/response.go:100.19,102.3 1 1
github.com/KarpelesLab/rest/response.go:103.2,103.21 1 1
github.com/KarpelesLab/rest/response.go:103.21,105.3 1 0
github.com/KarpelesLab/rest/response.go:106.2,106.18 1 1
github.com/KarpelesLab/rest/response.go:106.18,108.3 1 0
github.com/KarpelesLab/rest/response.go:109.2,109.19 1 1
github.com/KarpelesLab/rest/response.go:109.19,111.3 1 0
github.com/KarpelesLab/rest/response.go:112.2,112.21 1 1
github.com/KarpelesLab/rest/response.go:112.21,114.3 1 0
github.com/KarpelesLab/rest/response.go:115.2,115.23 1 1
github.com/KarpelesLab/rest/response.go:115.23,117.3 1 0
github.com/KarpelesLab/rest/response.go:118.2,118.25 1 1
github.com/KarpelesLab/rest/response.go:118.25,120.3 1 0
github.com/KarpelesLab/rest/response.go:121.2,121.25 1 1
github.com/KarpelesLab/rest/response.go:121.25,123.3 1 0
github.com/KarpelesLab/rest/response.go:125.2,125.18 1 1
github.com/KarpelesLab/rest/response.go:135.39,137.2 1 1
github.com/KarpelesLab/rest/response.go:146.48,150.2 3 1
github.com/KarpelesLab/rest/response.go:160.67,162.2 1 1
github.com/KarpelesLab/rest/response.go:168.41,171.2 2 1
github.com/KarpelesLab/rest/response.go:181.67,184.2 2 1
github.com/KarpelesLab/rest/response.go:188.32,190.2 1 1
github.com/KarpelesLab/rest/response.go:200.47,203.16 3 1
github.com/KarpelesLab/rest/response.go:203.16,205.3 1 0
github.com/KarpelesLab/rest/response.go:207.2,207.25 1 1
github.com/KarpelesLab/rest/response.go:207.25,208.16 1 1
github.com/KarpelesLab/rest/response.go:208.16,209.12 1 1
github.com/KarpelesLab/rest/response.go:212.3,213.17 2 1
github.com/KarpelesLab/rest/response.go:213.17,215.4 1 0
github.com/KarpelesLab/rest/response.go:216.3,216.17 1 1
github.com/KarpelesLab/rest/response.go:216.17,218.4 1 1
github.com/KarpelesLab/rest/response.go:220.2,220.17 1 1
github.com/KarpelesLab/rest/response.go:231.56,233.16 2 1
github.com/KarpelesLab/rest/response.go:233.16,235.3 1 0
github.com/KarpelesLab/rest/response.go:236.2,237.9 2 1
github.com/KarpelesLab/rest/response.go:237.9,239.3 1 1
github.com/KarpelesLab/rest/response.go:240.2,240.17 1 1
github.com/KarpelesLab/rest/rest.go:42.83,44.16 2 1
github.com/KarpelesLab/rest/rest.go:44.16,46.3 1 0
github.com/KarpelesLab/rest/rest.go:47.2,48.25 2 1
github.com/KarpelesLab/rest/rest.go:48.25,50.3 1 0
github.com/KarpelesLab/rest/rest.go:51.2,51.12 1 1
github.com/KarpelesLab/rest/rest.go:65.80,68.16 3 1
github.com/KarpelesLab/rest/rest.go:68.16,70.3 1 0
github.com/KarpelesLab/rest/rest.go:71.2,72.25 2 1
github.com/KarpelesLab/rest/rest.go:72.25,74.3 1 0
github.com/KarpelesLab/rest/rest.go:75.2,75.20 1 1
github.com/KarpelesLab/rest/rest.go:89.81,91.65 2 1
github.com/KarpelesLab/rest/rest.go:91.65,93.3 1 0
github.com/KarpelesLab/rest/rest.go:93.8,95.3 1 1
github.com/KarpelesLab/rest/rest.go:97.2,110.16 3 1
github.com/KarpelesLab/rest/rest.go:111.32,114.17 2 1
github.com/KarpelesLab/rest/rest.go:114.17,116.4 1 0
github.com/KarpelesLab/rest/rest.go:117.3,117.56 1 1
github.com/KarpelesLab/rest/rest.go:118.30,120.17 2 1
github.com/KarpelesLab/rest/rest.go:120.17,122.4 1 0
github.com/KarpelesLab/rest/rest.go:123.3,126.45 4 1
github.com/KarpelesLab/rest/rest.go:126.45,129.4 2 0
github.com/KarpelesLab/rest/rest.go:130.3,130.51 1 1
github.com/KarpelesLab/rest/rest.go:131.16,131.16 0 0
github.com/KarpelesLab/rest/rest.go:133.10,134.62 1 0
github.com/KarpelesLab/rest/rest.go:138.2,142.64 3 1
github.com/KarpelesLab/rest/rest.go:142.64,146.3 2 0
github.com/KarpelesLab/rest/rest.go:148.2,151.16 3 1
github.com/KarpelesLab/rest/rest.go:151.16,153.3 1 0
github.com/KarpelesLab/rest/rest.go:154.2,157.16 3 1
github.com/KarpelesLab/rest/rest.go:157.16,159.3 1 0
github.com/KarpelesLab/rest/rest.go:163.2,165.16 3 1
github.com/KarpelesLab/rest/rest.go:165.16,166.12 1 0
github.com/KarpelesLab/rest/rest.go:166.12,168.4 1 0
github.com/KarpelesLab/rest/rest.go:169.3,169.29 1 0
github.com/KarpelesLab/rest/rest.go:169.29,172.4 1 0
github.com/KarpelesLab/rest/rest.go:173.3,173.18 1 0
github.com/KarpelesLab/rest/rest.go:176.2,176.96 1 1
github.com/KarpelesLab/rest/rest.go:176.96,178.12 1 0
github.com/KarpelesLab/rest/rest.go:178.12,180.4 1 0
github.com/KarpelesLab/rest/rest.go:181.3,181.42 1 0
github.com/KarpelesLab/rest/rest.go:181.42,183.13 1 0
github.com/KarpelesLab/rest/rest.go:183.13,185.5 1 0
github.com/KarpelesLab/rest/rest.go:186.4,186.19 1 0
github.com/KarpelesLab/rest/rest.go:190.3,192.17 3 0
github.com/KarpelesLab/rest/rest.go:192.17,194.4 1 0
github.com/KarpelesLab/rest/rest.go:195.3,198.17 3 0
github.com/KarpelesLab/rest/rest.go:198.17,200.4 1 0
github.com/KarpelesLab/rest/rest.go:202.3,203.17 2 0
github.com/KarpelesLab/rest/rest.go:203.17,204.13 1 0
github.com/KarpelesLab/rest/rest.go:204.13,206.5 1 0
github.com/KarpelesLab/rest/rest.go:207.4,207.19 1 0
github.com/KarpelesLab/rest/rest.go:211.2,211.11 1 1
github.com/KarpelesLab/rest/rest.go:211.11,212.57 1 0
github.com/KarpelesLab/rest/rest.go:212.57,215.4 2 0
github.com/KarpelesLab/rest/rest.go:218.2,218.33 1 1
github.com/KarpelesLab/rest/rest.go:218.33,219.45 1 1
github.com/KarpelesLab/rest/rest.go:219.45,221.4 1 0
github.com/KarpelesLab/rest/rest.go:222.3,223.17 2 1
github.com/KarpelesLab/rest/rest.go:223.17,225.4 1 0
github.com/KarpelesLab/rest/rest.go:226.3,226.66 1 1
github.com/KarpelesLab/rest/rest.go:229.2,229.30 1 1
github.com/KarpelesLab/rest/rest.go:229.30,231.3 1 1
github.com/KarpelesLab/rest/rest.go:233.2,233.20 1 1
github.com/KarpelesLab/rest/router.go:12.74,16.2 2 0
github.com/KarpelesLab/rest/sender.go:20.75,23.12 3 0
github.com/KarpelesLab/rest/sender.go:23.12,26.3 2 0
github.com/KarpelesLab/rest/sender.go:27.2,28.12 2 0
github.com/KarpelesLab/rest/sender.go:31.77,34.12 3 0
github.com/KarpelesLab/rest/sender.go:34.12,37.3 2 0
github.com/KarpelesLab/rest/sender.go:38.2,39.12 2 0
github.com/KarpelesLab/rest/spot.go:31.106,33.16 2 0
github.com/KarpelesLab/rest/spot.go:33.16,35.3 1 0
github.com/KarpelesLab/rest/spot.go:36.2,37.25 2 0
github.com/KarpelesLab/rest/spot.go:37.25,39.3 1 0
github.com/KarpelesLab/rest/spot.go:40.2,40.12 1 0
github.com/KarpelesLab/rest/spot.go:54.103,57.16 3 0
github.com/KarpelesLab/rest/spot.go:57.16,59.3 1 0
github.com/KarpelesLab/rest/spot.go:60.2,61.25 2 0
github.com/KarpelesLab/rest/spot.go:61.25,63.3 1 0
github.com/KarpelesLab/rest/spot.go:64.2,64.20 1 0
github.com/KarpelesLab/rest/spot.go:79.104,86.16 3 0
github.com/KarpelesLab/rest/spot.go:86.16,88.3 1 0
github.com/KarpelesLab/rest/spot.go:89.2,90.16 2 0
github.com/KarpelesLab/rest/spot.go:90.16,92.3 1 0
github.com/KarpelesLab/rest/spot.go:94.2,96.16 3 0
github.com/KarpelesLab/rest/spot.go:96.16,98.3 1 0
github.com/KarpelesLab/rest/spot.go:99.2,99.18 1 0
github.com/KarpelesLab/rest/time.go:23.49,25.28 1 1
github.com/KarpelesLab/rest/time.go:25.28,27.3 1 1
github.com/KarpelesLab/rest/time.go:28.2,30.16 3 1
github.com/KarpelesLab/rest/time.go:30.16,32.3 1 0
github.com/KarpelesLab/rest/time.go:33.2,34.12 2 1
github.com/KarpelesLab/rest/time.go:37.45,47.2 8 1
github.com/KarpelesLab/rest/time.go:49.77,51.28 1 1
github.com/KarpelesLab/rest/time.go:51.28,53.3 1 1
github.com/KarpelesLab/rest/time.go:54.2,56.16 3 1
github.com/KarpelesLab/rest/time.go:56.16,58.3 1 0
github.com/KarpelesLab/rest/time.go:59.2,60.12 2 1
github.com/KarpelesLab/rest/time.go:63.71,73.2 8 1
github.com/KarpelesLab/rest/token.go:36.38,37.33 1 1
github.com/KarpelesLab/rest/token.go:37.33,39.3 1 1
github.com/KarpelesLab/rest/token.go:41.2,41.27 1 1
github.com/KarpelesLab/rest/token.go:46.58,48.2 1 1
github.com/KarpelesLab/rest/token.go:52.50,56.22 2 1
github.com/KarpelesLab/rest/token.go:56.22,58.3 1 1
github.com/KarpelesLab/rest/token.go:59.2,59.26 1 1
github.com/KarpelesLab/rest/token.go:59.26,61.3 1 1
github.com/KarpelesLab/rest/token.go:63.2,71.16 3 0
github.com/KarpelesLab/rest/token.go:71.16,73.3 1 0
github.com/KarpelesLab/rest/token.go:76.2,76.12 1 0
github.com/KarpelesLab/rest/upload.go:73.139,77.16 3 0
github.com/KarpelesLab/rest/upload.go:77.16,79.3 1 0
github.com/KarpelesLab/rest/upload.go:81.2,82.16 2 0
github.com/KarpelesLab/rest/upload.go:82.16,84.3 1 0
github.com/KarpelesLab/rest/upload.go:86.2,90.33 3 0
github.com/KarpelesLab/rest/upload.go:90.33,92.17 2 0
github.com/KarpelesLab/rest/upload.go:92.17,95.4 1 0
github.com/KarpelesLab/rest/upload.go:95.9,98.4 1 0
github.com/KarpelesLab/rest/upload.go:101.2,101.36 1 0
github.com/KarpelesLab/rest/upload.go:118.116,122.16 3 1
github.com/KarpelesLab/rest/upload.go:122.16,124.3 1 0
github.com/KarpelesLab/rest/upload.go:126.2,127.16 2 1
github.com/KarpelesLab/rest/upload.go:127.16,129.3 1 0
github.com/KarpelesLab/rest/upload.go:131.2,133.33 2 1
github.com/KarpelesLab/rest/upload.go:133.33,135.17 2 1
github.com/KarpelesLab/rest/upload.go:135.17,138.4 1 0
github.com/KarpelesLab/rest/upload.go:138.9,141.4 1 1
github.com/KarpelesLab/rest/upload.go:144.2,144.36 1 1
github.com/KarpelesLab/rest/upload.go:155.61,165.38 2 1
github.com/KarpelesLab/rest/upload.go:165.38,167.3 1 0
github.com/KarpelesLab/rest/upload.go:169.2,169.16 1 1
github.com/KarpelesLab/rest/upload.go:173.38,175.2 1 0
github.com/KarpelesLab/rest/upload.go:179.54,186.9 3 1
github.com/KarpelesLab/rest/upload.go:186.9,188.3 1 0
github.com/KarpelesLab/rest/upload.go:189.2,190.9 2 1
github.com/KarpelesLab/rest/upload.go:190.9,192.3 1 0
github.com/KarpelesLab/rest/upload.go:203.2,204.9 2 1
github.com/KarpelesLab/rest/upload.go:204.9,206.47 1 1
github.com/KarpelesLab/rest/upload.go:206.47,210.4 2 0
github.com/KarpelesLab/rest/upload.go:211.3,211.13 1 1
github.com/KarpelesLab/rest/upload.go:213.2,214.9 2 1
github.com/KarpelesLab/rest/upload.go:214.9,216.3 1 0
github.com/KarpelesLab/rest/upload.go:217.2,218.9 2 1
github.com/KarpelesLab/rest/upload.go:218.9,220.3 1 0
github.com/KarpelesLab/rest/upload.go:221.2,222.9 2 1
github.com/KarpelesLab/rest/upload.go:222.9,224.3 1 0
github.com/KarpelesLab/rest/upload.go:225.2,226.9 2 1
github.com/KarpelesLab/rest/upload.go:226.9,228.3 1 0
github.com/KarpelesLab/rest/upload.go:229.2,230.9 2 1
github.com/KarpelesLab/rest/upload.go:230.9,232.3 1 0
github.com/KarpelesLab/rest/upload.go:234.2,236.12 2 1
github.com/KarpelesLab/rest/upload.go:251.105,254.21 2 1
github.com/KarpelesLab/rest/upload.go:254.21,256.3 1 0
github.com/KarpelesLab/rest/upload.go:257.2,257.19 1 1
github.com/KarpelesLab/rest/upload.go:257.19,258.36 1 1
github.com/KarpelesLab/rest/upload.go:258.36,260.4 1 1
github.com/KarpelesLab/rest/upload.go:263.2,263.39 1 1
github.com/KarpelesLab/rest/upload.go:263.39,265.3 1 0
github.com/KarpelesLab/rest/upload.go:266.2,266.13 1 1
github.com/KarpelesLab/rest/upload.go:266.13,269.3 1 1
github.com/KarpelesLab/rest/upload.go:272.2,273.16 2 1
github.com/KarpelesLab/rest/upload.go:273.16,275.3 1 0
github.com/KarpelesLab/rest/upload.go:277.2,281.16 4 1
github.com/KarpelesLab/rest/upload.go:281.16,283.3 1 0
github.com/KarpelesLab/rest/upload.go:284.2,288.21 3 1
github.com/KarpelesLab/rest/upload.go:291.52,292.19 1 1
github.com/KarpelesLab/rest/upload.go:292.19,294.3 1 0
github.com/KarpelesLab/rest/upload.go:295.2,295.52 1 1
github.com/KarpelesLab/rest/upload.go:298.82,307.11 5 0
github.com/KarpelesLab/rest/upload.go:307.11,316.10 6 0
github.com/KarpelesLab/rest/upload.go:317.24,318.21 1 0
github.com/KarpelesLab/rest/upload.go:318.21,320.5 1 0
github.com/KarpelesLab/rest/upload.go:320.10,320.25 1 0
github.com/KarpelesLab/rest/upload.go:320.25,323.5 1 0
github.com/KarpelesLab/rest/upload.go:324.23,326.19 1 0
github.com/KarpelesLab/rest/upload.go:331.2,331.12 1 0
github.com/KarpelesLab/rest/upload.go:331.12,334.10 2 0
github.com/KarpelesLab/rest/upload.go:335.21,335.21 0 0
github.com/KarpelesLab/rest/upload.go:336.11,336.11 0 0
github.com/KarpelesLab/rest/upload.go:342.2,343.16 2 0
github.com/KarpelesLab/rest/upload.go:343.16,346.3 1 0
github.com/KarpelesLab/rest/upload.go:349.2,349.21 1 0
github.com/KarpelesLab/rest/upload.go:352.130,358.16 3 0
github.com/KarpelesLab/rest/upload.go:358.16,362.3 2 0
github.com/KarpelesLab/rest/upload.go:364.2,364.15 1 0
github.com/KarpelesLab/rest/upload.go:364.15,367.3 2 0
github.com/KarpelesLab/rest/upload.go:369.2,370.16 2 0
github.com/KarpelesLab/rest/upload.go:370.16,371.20 1 0
github.com/KarpelesLab/rest/upload.go:371.20,375.4 2 0
github.com/KarpelesLab/rest/upload.go:376.3,377.13 2 0
github.com/KarpelesLab/rest/upload.go:377.13,379.4 1 0
github.com/KarpelesLab/rest/upload.go:380.8,380.19 1 0
github.com/KarpelesLab/rest/upload.go:380.19,384.3 2 0
github.com/KarpelesLab/rest/upload.go:384.8,387.3 1 0
github.com/KarpelesLab/rest/upload.go:390.2,394.16 3 0
github.com/KarpelesLab/rest/upload.go:394.16,395.10 1 0
github.com/KarpelesLab/rest/upload.go:396.21,396.21 0 0
github.com/KarpelesLab/rest/upload.go:397.11,397.11 0 0
github.com/KarpelesLab/rest/upload.go:399.3,399.9 1 0
github.com/KarpelesLab/rest/upload.go:402.2,411.16 7 0
github.com/KarpelesLab/rest/upload.go:411.16,412.10 1 0
github.com/KarpelesLab/rest/upload.go:413.21,413.21 0 0
github.com/KarpelesLab/rest/upload.go:414.11,414.11 0 0
github.com/KarpelesLab/rest/upload.go:416.3,416.9 1 0
github.com/KarpelesLab/rest/upload.go:418.2,421.16 3 0
github.com/KarpelesLab/rest/upload.go:421.16,422.10 1 0
github.com/KarpelesLab/rest/upload.go:423.21,423.21 0 0
github.com/KarpelesLab/rest/upload.go:424.11,424.11 0 0
github.com/KarpelesLab/rest/upload.go:426.3,426.9 1 0
github.com/KarpelesLab/rest/upload.go:430.81,433.16 2 1
github.com/KarpelesLab/rest/upload.go:433.16,435.3 1 0
github.com/KarpelesLab/rest/upload.go:438.2,443.11 5 1
github.com/KarpelesLab/rest/upload.go:443.11,452.10 6 1
github.com/KarpelesLab/rest/upload.go:453.24,454.21 1 1
github.com/KarpelesLab/rest/upload.go:454.21,456.5 1 1
github.com/KarpelesLab/rest/upload.go:456.10,456.25 1 0
github.com/KarpelesLab/rest/upload.go:456.25,460.5 2 0
github.com/KarpelesLab/rest/upload.go:461.23,464.19 2 0
github.com/KarpelesLab/rest/upload.go:469.2,469.12 1 1
github.com/KarpelesLab/rest/upload.go:469.12,472.10 2 1
github.com/KarpelesLab/rest/upload.go:473.21,473.21 0 1
github.com/KarpelesLab/rest/upload.go:474.11,474.11 0 0
github.com/KarpelesLab/rest/upload.go:480.2,481.16 2 1
github.com/KarpelesLab/rest/upload.go:481.16,485.3 2 0
github.com/KarpelesLab/rest/upload.go:488.2,489.16 2 1
github.com/KarpelesLab/rest/upload.go:489.16,491.3 1 0
github.com/KarpelesLab/rest/upload.go:493.2,493.21 1 1
github.com/KarpelesLab/rest/upload.go:496.42,501.32 3 1
github.com/KarpelesLab/rest/upload.go:501.32,503.3 1 1
github.com/KarpelesLab/rest/upload.go:504.2,507.16 3 1
github.com/KarpelesLab/rest/upload.go:507.16,509.3 1 0
github.com/KarpelesLab/rest/upload.go:510.2,513.12 3 1
github.com/KarpelesLab/rest/upload.go:516.112,524.16 4 1
github.com/KarpelesLab/rest/upload.go:524.16,528.3 2 0
github.com/KarpelesLab/rest/upload.go:530.2,530.15 1 1
github.com/KarpelesLab/rest/upload.go:530.15,533.3 2 1
github.com/KarpelesLab/rest/upload.go:535.2,536.16 2 1
github.com/KarpelesLab/rest/upload.go:536.16,537.20 1 1
github.com/KarpelesLab/rest/upload.go:537.20,541.4 2 0
github.com/KarpelesLab/rest/upload.go:542.3,543.28 2 1
github.com/KarpelesLab/rest/upload.go:543.28,545.4 1 0
github.com/KarpelesLab/rest/upload.go:546.8,546.34 1 0
github.com/KarpelesLab/rest/upload.go:546.34,550.3 2 0
github.com/KarpelesLab/rest/upload.go:550.8,553.3 1 0
github.com/KarpelesLab/rest/upload.go:556.2,557.16 2 1
github.com/KarpelesLab/rest/upload.go:557.16,558.10 1 0
github.com/KarpelesLab/rest/upload.go:559.21,559.21 0 0
github.com/KarpelesLab/rest/upload.go:560.11,560.11 0 0
github.com/KarpelesLab/rest/upload.go:562.3,562.9 1 0
github.com/KarpelesLab/rest/upload.go:564.2,566.16 3 1
github.com/KarpelesLab/rest/upload.go:566.16,567.10 1 0
github.com/KarpelesLab/rest/upload.go:568.21,568.21 0 0
github.com/KarpelesLab/rest/upload.go:569.11,569.11 0 0
github.com/KarpelesLab/rest/upload.go:571.3,571.9 1 0
github.com/KarpelesLab/rest/upload.go:575.2,575.43 1 1
github.com/KarpelesLab/rest/upload.go:578.53,584.27 4 1
github.com/KarpelesLab/rest/upload.go:584.27,589.3 3 1
github.com/KarpelesLab/rest/upload.go:591.2,591.27 1 1
github.com/KarpelesLab/rest/upload.go:591.27,593.3 1 1
github.com/KarpelesLab/rest/upload.go:594.2,594.22 1 1
github.com/KarpelesLab/rest/upload.go:597.39,599.16 2 0
github.com/KarpelesLab/rest/upload.go:599.16,601.3 1 0
github.com/KarpelesLab/rest/upload.go:602.2,604.12 3 0
github.com/KarpelesLab/rest/upload.go:607.53,610.16 2 1
github.com/KarpelesLab/rest/upload.go:610.16,612.3 1 0
github.com/KarpelesLab/rest/upload.go:613.2,619.16 5 1
github.com/KarpelesLab/rest/upload.go:619.16,621.3 1 0
github.com/KarpelesLab/rest/upload.go:623.2,623.24 1 1
github.com/KarpelesLab/rest/upload.go:623.24,625.3 1 0
github.com/KarpelesLab/rest/upload.go:627.2,628.12 2 1
github.com/KarpelesLab/rest/upload.go:631.116,632.20 1 1
github.com/KarpelesLab/rest/upload.go:632.20,634.3 1 1
github.com/KarpelesLab/rest/upload.go:637.2,638.17 2 1
github.com/KarpelesLab/rest/upload.go:638.17,641.17 3 1
github.com/KarpelesLab/rest/upload.go:641.17,643.4 1 0
github.com/KarpelesLab/rest/upload.go:644.3,646.14 2 1
github.com/KarpelesLab/rest/upload.go:646.14,649.4 1 1
github.com/KarpelesLab/rest/upload.go:653.2,654.13 2 1
github.com/KarpelesLab/rest/upload.go:654.13,656.3 1 1
github.com/KarpelesLab/rest/upload.go:656.8,659.17 3 1
github.com/KarpelesLab/rest/upload.go:659.17,661.4 1 0
github.com/KarpelesLab/rest/upload.go:662.3,664.44 2 1
github.com/KarpelesLab/rest/upload.go:667.2,685.28 7 1
github.com/KarpelesLab/rest/upload.go:685.28,687.33 2 1
github.com/KarpelesLab/rest/upload.go:687.33,689.4 1 1
github.com/KarpelesLab/rest/upload.go:693.2,696.29 2 1
github.com/KarpelesLab/rest/upload.go:696.29,697.18 1 1
github.com/KarpelesLab/rest/upload.go:697.18,699.12 1 1
github.com/KarpelesLab/rest/upload.go:701.3,701.56 1 1
github.com/KarpelesLab/rest/upload.go:703.2,710.16 6 1
github.com/KarpelesLab/rest/upload.go:710.16,712.3 1 0
github.com/KarpelesLab/rest/upload.go:713.2,717.17 3 1
github.com/KarpelesLab/rest/upload.go:717.17,719.3 1 1
github.com/KarpelesLab/rest/upload.go:720.2,721.16 2 1
github.com/KarpelesLab/rest/upload.go:721.16,723.3 1 0
github.com/KarpelesLab/rest/upload.go:724.2,724.28 1 1
github.com/KarpelesLab/rest/upload.go:724.28,726.3 1 1
github.com/KarpelesLab/rest/upload.go:728.2,731.16 3 1
github.com/KarpelesLab/rest/upload.go:731.16,733.3 1 0
github.com/KarpelesLab/rest/upload.go:734.2,734.28 1 1
github.com/KarpelesLab/rest/upload.go:734.28,738.3 3 0
github.com/KarpelesLab/rest/upload.go:739.2,739.18 1 1
